<?xml version="1.0" encoding="UTF-8"?>
<testsuite name="io.devinebyte.runtime.core.TenantContextTest" tests="2" skipped="0" failures="0" errors="0" timestamp="2026-08-21T22:05:12" hostname="DESKTOP-EE228O3" time="0.026">
  <properties/>
  <testcase name="tenantContext_requiresTenantId()" classname="io.devinebyte.runtime.core.TenantContextTest" time="0.019"/>
  <testcase name="isModuleEnabled_works()" classname="io.devinebyte.runtime.core.TenantContextTest" time="0.003"/>
  <system-out><![CDATA[]]></system-out>
  <system-err><![CDATA[]]></system-err>
</testsuite>
