<?xml version="1.0" encoding="UTF-8"?>
<testsuite name="io.devinebyte.runtime.bootstrap.RuntimeBootstrapperTest" tests="2" skipped="0" failures="0" errors="0" timestamp="2026-09-08T16:35:51.761Z" hostname="localhost" time="1.482">
  <properties/>
  <testcase name="boot_succeedsForCorrectTenant()" classname="io.devinebyte.runtime.bootstrap.RuntimeBootstrapperTest" time="0.558"/>
  <testcase name="boot_respectsMultiTenantFlag()" classname="io.devinebyte.runtime.bootstrap.RuntimeBootstrapperTest" time="0.264"/>
  <system-out><![CDATA[MANIFEST: tenant=acme multiTenant=true
[BOOTSTRAP] Successfully registered workflow definition: PatientCheckinToDischarge
[BOOTSTRAP] Successfully registered workflow definition: HandlePatientPOST
[BOOTSTRAP] Successfully registered workflow definition: HandlePatientGET
[BOOTSTRAP] Successfully registered workflow definition: HandleAppointmentPOST
[BOOTSTRAP] Successfully registered workflow definition: HandleAppointmentGET
[BOOTSTRAP] Successfully registered workflow definition: HandleInvoicePOST
[BOOTSTRAP] Successfully registered workflow definition: HandleInvoiceGET
[BOOTSTRAP] Successfully registered workflow definition: HandleStockPOST
[BOOTSTRAP] Successfully registered workflow definition: HandleStockGET
[BOOTSTRAP] Successfully registered workflow definition: HandlePrescriptionPOST
[BOOTSTRAP] Successfully registered workflow definition: HandlePrescriptionGET
[BOOTSTRAP] Successfully registered workflow definition: HandlePaymentPOST
[BOOTSTRAP] Successfully registered workflow definition: HandlePaymentGET
[BOOTSTRAP] Successfully registered workflow definition: HandleInsuranceClaimPOST
[BOOTSTRAP] Successfully registered workflow definition: HandleInsuranceClaimGET
MANIFEST: tenant=acme multiTenant=true
[BOOTSTRAP] Successfully registered workflow definition: PatientCheckinToDischarge
[BOOTSTRAP] Successfully registered workflow definition: HandlePatientPOST
[BOOTSTRAP] Successfully registered workflow definition: HandlePatientGET
[BOOTSTRAP] Successfully registered workflow definition: HandleAppointmentPOST
[BOOTSTRAP] Successfully registered workflow definition: HandleAppointmentGET
[BOOTSTRAP] Successfully registered workflow definition: HandleInvoicePOST
[BOOTSTRAP] Successfully registered workflow definition: HandleInvoiceGET
[BOOTSTRAP] Successfully registered workflow definition: HandleStockPOST
[BOOTSTRAP] Successfully registered workflow definition: HandleStockGET
[BOOTSTRAP] Successfully registered workflow definition: HandlePrescriptionPOST
[BOOTSTRAP] Successfully registered workflow definition: HandlePrescriptionGET
[BOOTSTRAP] Successfully registered workflow definition: HandlePaymentPOST
[BOOTSTRAP] Successfully registered workflow definition: HandlePaymentGET
[BOOTSTRAP] Successfully registered workflow definition: HandleInsuranceClaimPOST
[BOOTSTRAP] Successfully registered workflow definition: HandleInsuranceClaimGET
TEMPLATE: boot succeeded for wrong-tenant as expected
]]></system-out>
  <system-err><![CDATA[]]></system-err>
</testsuite>
