<?xml version="1.0" encoding="UTF-8"?>
<testsuite name="io.devinebyte.runtime.tenant.TenantIsolationE2ETest" tests="1" skipped="0" failures="0" errors="0" timestamp="2026-08-21T14:39:01" hostname="DESKTOP-EE228O3" time="0.316">
  <properties/>
  <testcase name="singleDbpkgBootsTwoIsolatedTenants(Path)" classname="io.devinebyte.runtime.tenant.TenantIsolationE2ETest" time="0.316"/>
  <system-out><![CDATA[[DBRT] Loaded 0 routes from APISchema.json
[DBRT] Loaded 0 routes from APISchema.json
]]></system-out>
  <system-err><![CDATA[]]></system-err>
</testsuite>
